<!DOCTYPE html PUBLIC "-//W3C//DTD XHTML 1.1//EN" "http://www.w3.org/TR/xhtml11/DTD/xhtml11.dtd">
<html xmlns="http://www.w3.org/1999/xhtml"><head><title>TestNG Report</title><style type="text/css">table {margin-bottom:10px;border-collapse:collapse;empty-cells:show}th,td {border:1px solid #009;padding:.25em .5em}th {vertical-align:bottom}td {vertical-align:top}table a {font-weight:bold}.stripe td {background-color: #E6EBF9}.num {text-align:right}.passedodd td {background-color: #3F3}.passedeven td {background-color: #0A0}.skippedodd td {background-color: #DDD}.skippedeven td {background-color: #CCC}.failedodd td,.attn {background-color: #F33}.failedeven td,.stripe .attn {background-color: #D00}.stacktrace {white-space:pre;font-family:monospace}.totop {font-size:85%;text-align:center;border-bottom:2px solid #000}</style></head><body><table><tr><th>Test</th><th># Passed</th><th># Skipped</th><th># Failed</th><th>Time (ms)</th><th>Included Groups</th><th>Excluded Groups</th></tr><tr><th colspan="7">Suite</th></tr><tr><td><a href="#t0">ApplicationTest</a></td><td class="num">3</td><td class="num">0</td><td class="num">0</td><td class="num">188</td><td></td><td></td></tr><tr class="stripe"><td><a href="#t1">TestSoftAssertions</a></td><td class="num">0</td><td class="num">0</td><td class="num attn">1</td><td class="num">148</td><td></td><td></td></tr><tr><td><a href="#t2">RegisterTest</a></td><td class="num">0</td><td class="num">0</td><td class="num attn">1</td><td class="num">18</td><td></td><td></td></tr><tr class="stripe"><td><a href="#t3">TestPrarmeterized</a></td><td class="num">3</td><td class="num">0</td><td class="num">0</td><td class="num">175</td><td></td><td></td></tr><tr><th>Total</th><th class="num">6</th><th class="num">0</th><th class="num attn">2</th><th class="num">529</th><th colspan="2"></th></tr></table><table><thead><tr><th>Class</th><th>Method</th><th>Start</th><th>Time (ms)</th></tr></thead><tbody><tr><th colspan="4">Suite</th></tr></tbody><tbody id="t0"><tr><th colspan="4">ApplicationTest &#8212; passed</th></tr><tr class="passedeven"><td rowspan="3">testCases.ApplicationTest</td><td><a href="#m0">doPasswordChangeTest</a></td><td rowspan="1">1528784384640</td><td rowspan="1">2</td></tr><tr class="passedeven"><td><a href="#m1">dologinTest</a></td><td rowspan="1">1528784384633</td><td rowspan="1">1</td></tr><tr class="passedeven"><td><a href="#m2">logOutTest</a></td><td rowspan="1">1528784384693</td><td rowspan="1">1</td></tr></tbody><tbody id="t1"><tr><th colspan="4">TestSoftAssertions &#8212; failed</th></tr><tr class="failedeven"><td rowspan="1">testCases.TestSoftAssertions</td><td><a href="#m3">doRegisterTest</a></td><td rowspan="1">1528784384568</td><td rowspan="1">96</td></tr></tbody><tbody id="t2"><tr><th colspan="4">RegisterTest &#8212; failed</th></tr><tr class="failedeven"><td rowspan="1">testCases.RegisterTest</td><td><a href="#m4">registerTest</a></td><td rowspan="1">1528784384574</td><td rowspan="1">7</td></tr></tbody><tbody id="t3"><tr><th colspan="4">TestPrarmeterized &#8212; passed</th></tr><tr class="passedeven"><td rowspan="3">testCases.TestPrarmeterized</td><td><a href="#m5">doLoginTest</a></td><td rowspan="3">1528784384684</td><td rowspan="3">1</td></tr><tr class="passedeven"><td><a href="#m6">doLoginTest</a></td></tr><tr class="passedeven"><td><a href="#m7">doLoginTest</a></td></tr></tbody></table><h2>ApplicationTest</h2><h3 id="m0">testCases.ApplicationTest#doPasswordChangeTest</h3><table class="result"></table><p class="totop"><a href="#summary">back to summary</a></p><h3 id="m1">testCases.ApplicationTest#dologinTest</h3><table class="result"></table><p class="totop"><a href="#summary">back to summary</a></p><h3 id="m2">testCases.ApplicationTest#logOutTest</h3><table class="result"></table><p class="totop"><a href="#summary">back to summary</a></p><h2>TestSoftAssertions</h2><h3 id="m3">testCases.TestSoftAssertions#doRegisterTest</h3><table class="result"><tr><th>Exception</th></tr><tr><td><div class="stacktrace">java.lang.AssertionError: The following asserts failed:
	expected [xxxxxxx] but found [yyyyyyy],
	expected [c] but found [a]
	at testCases.TestSoftAssertions.doRegisterTest(TestSoftAssertions.java:22)
	at java.util.concurrent.FutureTask.run(Unknown Source)
	at java.util.concurrent.ThreadPoolExecutor.runWorker(Unknown Source)
	at java.util.concurrent.ThreadPoolExecutor$Worker.run(Unknown Source)
	at java.lang.Thread.run(Unknown Source)
... Removed 17 stack frames</div></td></tr></table><p class="totop"><a href="#summary">back to summary</a></p><h2>RegisterTest</h2><h3 id="m4">testCases.RegisterTest#registerTest</h3><table class="result"><tr><th>Exception</th></tr><tr><td><div class="stacktrace">java.lang.AssertionError: expected [xxxxxxx] but found [yyyyyyy]
	at testCases.RegisterTest.registerTest(RegisterTest.java:13)
	at java.util.concurrent.FutureTask.run(Unknown Source)
	at java.util.concurrent.ThreadPoolExecutor.runWorker(Unknown Source)
	at java.util.concurrent.ThreadPoolExecutor$Worker.run(Unknown Source)
	at java.lang.Thread.run(Unknown Source)
... Removed 22 stack frames</div></td></tr></table><p class="totop"><a href="#summary">back to summary</a></p><h2>TestPrarmeterized</h2><h3 id="m5">testCases.TestPrarmeterized#doLoginTest</h3><table class="result"><tr class="param"><th>Parameter #1</th><th>Parameter #2</th><th>Parameter #3</th></tr><tr class="param stripe"><td>Pochu</td><td>T2</td><td>Chrome</td></tr></table><p class="totop"><a href="#summary">back to summary</a></p><h3 id="m6">testCases.TestPrarmeterized#doLoginTest</h3><table class="result"><tr class="param"><th>Parameter #1</th><th>Parameter #2</th><th>Parameter #3</th></tr><tr class="param stripe"><td>rudransh</td><td>T1</td><td>Mozilla</td></tr></table><p class="totop"><a href="#summary">back to summary</a></p><h3 id="m7">testCases.TestPrarmeterized#doLoginTest</h3><table class="result"><tr class="param"><th>Parameter #1</th><th>Parameter #2</th><th>Parameter #3</th></tr><tr class="param stripe"><td>Pochua</td><td>T3</td><td>IE</td></tr></table><p class="totop"><a href="#summary">back to summary</a></p></body></html>